<?xml version="1.0" encoding="UTF-8"?>
<!-- Generated by org.testng.reporters.JUnitXMLReporter -->
<testsuite ignored="0" hostname="DESKTOP-S1MQ5B3" failures="0" tests="5" name="Test" time="10.203" errors="0" timestamp="11 Mar 2024 14:00:21 GMT">
  <testcase classname="com.qa.baseLayer.TestBase" name="@BeforeMethod setup" time="7.951">
    <failure type="org.openqa.selenium.SessionNotCreatedException" message="session not created: This version of ChromeDriver only supports Chrome version 114
Current browser version is 122.0.6261.112 with binary path C:\Program Files (x86)\Google\Chrome\Application\chrome.exe
Build info: version: &amp;apos;3.141.59&amp;apos;, revision: &amp;apos;e82be7d358&amp;apos;, time: &amp;apos;2018-11-14T08:17:03&amp;apos;
System info: host: &amp;apos;DESKTOP-S1MQ5B3&amp;apos;, ip: &amp;apos;192.168.0.5&amp;apos;, os.name: &amp;apos;Windows 11&amp;apos;, os.arch: &amp;apos;amd64&amp;apos;, os.version: &amp;apos;10.0&amp;apos;, java.version: &amp;apos;19.0.2&amp;apos;
Driver info: driver.version: ChromeDriver
remote stacktrace: Backtrace:
	GetHandleVerifier [0x0044A813+48355]
	(No symbol) [0x003DC4B1]
	(No symbol) [0x002E5358]
	(No symbol) [0x003061AC]
	(No symbol) [0x00301EF3]
	(No symbol) [0x00300579]
	(No symbol) [0x00330C55]
	(No symbol) [0x0033093C]
	(No symbol) [0x0032A536]
	(No symbol) [0x003082DC]
	(No symbol) [0x003093DD]
	GetHandleVerifier [0x006AAABD+2539405]
	GetHandleVerifier [0x006EA78F+2800735]
	GetHandleVerifier [0x006E456C+2775612]
	GetHandleVerifier [0x004D51E0+616112]
	(No symbol) [0x003E5F8C]
	(No symbol) [0x003E2328]
	(No symbol) [0x003E240B]
	(No symbol) [0x003D4FF7]
	BaseThreadInitThunk [0x765B7BA9+25]
	RtlInitializeExceptionChain [0x7706BD2B+107]
	RtlClearBits [0x7706BCAF+191]
">
      <![CDATA[org.openqa.selenium.SessionNotCreatedException: session not created: This version of ChromeDriver only supports Chrome version 114
Current browser version is 122.0.6261.112 with binary path C:\Program Files (x86)\Google\Chrome\Application\chrome.exe
Build info: version: '3.141.59', revision: 'e82be7d358', time: '2018-11-14T08:17:03'
System info: host: 'DESKTOP-S1MQ5B3', ip: '192.168.0.5', os.name: 'Windows 11', os.arch: 'amd64', os.version: '10.0', java.version: '19.0.2'
Driver info: driver.version: ChromeDriver
remote stacktrace: Backtrace:
	GetHandleVerifier [0x0044A813+48355]
	(No symbol) [0x003DC4B1]
	(No symbol) [0x002E5358]
	(No symbol) [0x003061AC]
	(No symbol) [0x00301EF3]
	(No symbol) [0x00300579]
	(No symbol) [0x00330C55]
	(No symbol) [0x0033093C]
	(No symbol) [0x0032A536]
	(No symbol) [0x003082DC]
	(No symbol) [0x003093DD]
	GetHandleVerifier [0x006AAABD+2539405]
	GetHandleVerifier [0x006EA78F+2800735]
	GetHandleVerifier [0x006E456C+2775612]
	GetHandleVerifier [0x004D51E0+616112]
	(No symbol) [0x003E5F8C]
	(No symbol) [0x003E2328]
	(No symbol) [0x003E240B]
	(No symbol) [0x003D4FF7]
	BaseThreadInitThunk [0x765B7BA9+25]
	RtlInitializeExceptionChain [0x7706BD2B+107]
	RtlClearBits [0x7706BCAF+191]

	at org.openqa.selenium.remote.W3CHandshakeResponse.lambda$errorHandler$0(W3CHandshakeResponse.java:62)
	at org.openqa.selenium.remote.HandshakeResponse.lambda$getResponseFunction$0(HandshakeResponse.java:30)
	at org.openqa.selenium.remote.ProtocolHandshake.lambda$createSession$0(ProtocolHandshake.java:126)
	at java.base/java.util.stream.ReferencePipeline$3$1.accept(ReferencePipeline.java:197)
	at java.base/java.util.Spliterators$ArraySpliterator.tryAdvance(Spliterators.java:1016)
	at java.base/java.util.stream.ReferencePipeline.forEachWithCancel(ReferencePipeline.java:129)
	at java.base/java.util.stream.AbstractPipeline.copyIntoWithCancel(AbstractPipeline.java:527)
	at java.base/java.util.stream.AbstractPipeline.copyInto(AbstractPipeline.java:513)
	at java.base/java.util.stream.AbstractPipeline.wrapAndCopyInto(AbstractPipeline.java:499)
	at java.base/java.util.stream.FindOps$FindOp.evaluateSequential(FindOps.java:150)
	at java.base/java.util.stream.AbstractPipeline.evaluate(AbstractPipeline.java:234)
	at java.base/java.util.stream.ReferencePipeline.findFirst(ReferencePipeline.java:647)
	at org.openqa.selenium.remote.ProtocolHandshake.createSession(ProtocolHandshake.java:128)
	at org.openqa.selenium.remote.ProtocolHandshake.createSession(ProtocolHandshake.java:74)
	at org.openqa.selenium.remote.HttpCommandExecutor.execute(HttpCommandExecutor.java:136)
	at org.openqa.selenium.remote.service.DriverCommandExecutor.execute(DriverCommandExecutor.java:83)
	at org.openqa.selenium.remote.RemoteWebDriver.execute(RemoteWebDriver.java:552)
	at org.openqa.selenium.remote.RemoteWebDriver.startSession(RemoteWebDriver.java:213)
	at org.openqa.selenium.remote.RemoteWebDriver.<init>(RemoteWebDriver.java:131)
	at org.openqa.selenium.chrome.ChromeDriver.<init>(ChromeDriver.java:181)
	at org.openqa.selenium.chrome.ChromeDriver.<init>(ChromeDriver.java:168)
	at org.openqa.selenium.chrome.ChromeDriver.<init>(ChromeDriver.java:123)
	at com.qa.baseLayer.TestBase.setup(TestBase.java:43)
... Removed 32 stack frames]]>
    </failure>
  </testcase> <!-- @BeforeMethod setup -->
  <testcase classname="com.qa.baseLayer.TestBase" name="@BeforeMethod setup" time="0.0">
    <skipped/>
  </testcase> <!-- @BeforeMethod setup -->
  <testcase classname="com.qa.baseLayer.TestBase" name="@BeforeMethod setup" time="0.0">
    <skipped/>
  </testcase> <!-- @BeforeMethod setup -->
  <testcase classname="com.qa.baseLayer.TestBase" name="@BeforeMethod setup" time="0.0">
    <skipped/>
  </testcase> <!-- @BeforeMethod setup -->
  <testcase classname="com.qa.baseLayer.TestBase" name="@BeforeMethod setup" time="0.0">
    <skipped/>
  </testcase> <!-- @BeforeMethod setup -->
  <testcase classname="com.qa.TestLayer.TestCase_001" name="formFill" time="0.0">
    <skipped/>
  </testcase> <!-- formFill -->
  <testcase classname="com.qa.TestLayer.TestCase_001" name="formFill" time="0.0">
    <skipped/>
  </testcase> <!-- formFill -->
  <testcase classname="com.qa.TestLayer.TestCase_001" name="formFill" time="0.0">
    <skipped/>
  </testcase> <!-- formFill -->
  <testcase classname="com.qa.TestLayer.TestCase_001" name="formFill" time="0.0">
    <skipped/>
  </testcase> <!-- formFill -->
  <testcase classname="com.qa.TestLayer.TestCase_001" name="validateLinkTxt" time="0.0">
    <skipped/>
  </testcase> <!-- validateLinkTxt -->
</testsuite> <!-- Test -->
